c:\users\alexm\source\repos\slimecube\x64\debug\slimecube.pch
c:\users\alexm\source\repos\slimecube\x64\debug\vc142.pdb
c:\users\alexm\source\repos\slimecube\x64\debug\vc142.idb
c:\users\alexm\source\repos\slimecube\x64\debug\pch.obj
c:\users\alexm\source\repos\slimecube\x64\debug\window.obj
c:\users\alexm\source\repos\slimecube\x64\debug\texture.obj
c:\users\alexm\source\repos\slimecube\x64\debug\skybox.obj
c:\users\alexm\source\repos\slimecube\x64\debug\shader.obj
c:\users\alexm\source\repos\slimecube\x64\debug\entity.obj
c:\users\alexm\source\repos\slimecube\x64\debug\scene.obj
c:\users\alexm\source\repos\slimecube\x64\debug\renderer.obj
c:\users\alexm\source\repos\slimecube\x64\debug\primitives.obj
c:\users\alexm\source\repos\slimecube\x64\debug\objmesh.obj
c:\users\alexm\source\repos\slimecube\x64\debug\mesh.obj
c:\users\alexm\source\repos\slimecube\x64\debug\material.obj
c:\users\alexm\source\repos\slimecube\x64\debug\input.obj
c:\users\alexm\source\repos\slimecube\x64\debug\imguilayer.obj
c:\users\alexm\source\repos\slimecube\x64\debug\camera.obj
c:\users\alexm\source\repos\slimecube\x64\debug\slimecube.tlog\cl.command.1.tlog
c:\users\alexm\source\repos\slimecube\x64\debug\slimecube.tlog\cl.read.1.tlog
c:\users\alexm\source\repos\slimecube\x64\debug\slimecube.tlog\cl.write.1.tlog
