  main.cpp
C:\Users\alexm\source\repos\SlimeCube\Window.h(1,10): fatal error C1083: Cannot open include file: 'glew/glew.h': No such file or directory

Project Performance Summary:
        1 ms  C:\Users\alexm\source\repos\SlimeCube\SlimeCube.vcxproj   3 calls
                  0 ms  GetTargetPath                              1 calls
                  0 ms  GetNativeManifest                          1 calls
                  1 ms  GetProjectInfoForReference                 1 calls
       68 ms  C:\Users\alexm\source\repos\SlimeCube\Game\Game.vcxproj   1 calls
                 68 ms  Build                                      1 calls

Target Performance Summary:
        0 ms  _SelectedFiles                             1 calls
        0 ms  AfterResolveReferences                     1 calls
        0 ms  ResolveReferences                          1 calls
        0 ms  AddPublicBMIsToProjectsInfoForReference    1 calls
        0 ms  BuildGenerateSourcesTraverse               1 calls
        0 ms  BeforeBuildGenerateSources                 1 calls
        0 ms  PreBuildEvent                              1 calls
        0 ms  SelectClCompile                            1 calls
        0 ms  SelectCustomBuild                          1 calls
        0 ms  ComputeCustomBuildOutput                   1 calls
        0 ms  AddPublicIncludeDirectoriesToProjectsInfoForReference   1 calls
        0 ms  GetPublicIncludeDirectories                1 calls
        0 ms  _Xsd                                       1 calls
        0 ms  MakeDirsForMidl                            1 calls
        0 ms  ComputeMIDLGeneratedCompileInputs          1 calls
        0 ms  AfterMidl                                  1 calls
        0 ms  _Midl                                      1 calls
        0 ms  AfterBuildGenerateSources                  1 calls
        0 ms  AfterBuildGenerateSourcesEvent             1 calls
        0 ms  _BuildGenerateSourcesAction                1 calls
        0 ms  BuildGenerateSources                       1 calls
        0 ms  BuildCompileTraverse                       1 calls
        0 ms  AddDeployRecipeFileToProjectsInfoForReference   1 calls
        0 ms  BeforeClCompile                            1 calls
        0 ms  ExpandSDKReferences                        1 calls
        0 ms  ResolvedLinkLib                            1 calls
        0 ms  SetTelemetryEnvironmentVariables           1 calls
        0 ms  FixupCLCompileOptions                      1 calls
        0 ms  _PrepareForReferenceResolution             1 calls
        0 ms  BeforeResolveReferences                    1 calls
        0 ms  AssignProjectConfiguration                 1 calls
        0 ms  ComputeReferenceCLInput                    1 calls
        0 ms  _AddOutputPathToGlobalPropertiesToRemove   1 calls
        0 ms  _GetProjectReferenceTargetFrameworkProperties   1 calls
        0 ms  PrepareProjectReferences                   1 calls
        0 ms  _RemoveNameMetadataFromProjectReferenceItems   1 calls
        0 ms  GetProjectInfoForReference                 1 calls
        0 ms  GetTargetPathWithTargetPlatformMoniker     1 calls
        0 ms  GetTargetPath                              1 calls
        0 ms  GetNativeManifest                          1 calls
        0 ms  AddLibrariesToProjectsInfoForReference     1 calls
        0 ms  GetReferenceAssemblyPaths                  1 calls
        0 ms  AddExternalIncludDirectoriesToPaths        1 calls
        0 ms  GetResolvedLinkLibs                        1 calls
        0 ms  GetResolvedWinMD                           1 calls
        0 ms  _CheckWindowsSDKInstalled                  1 calls
        0 ms  SetCABuildNativeEnvironmentVariables       1 calls
        0 ms  ResolveSDKReferences                       1 calls
        0 ms  ComputeCLInputPDBName                      1 calls
        0 ms  _CheckForInvalidConfigurationAndPlatform   1 calls
        0 ms  ResolveAssemblyReferences                  1 calls
        0 ms  SetBuildDefaultEnvironmentVariables        1 calls
        0 ms  CopyFileToFolders                          1 calls
        0 ms  _PrepareForBuild                           1 calls
        0 ms  MakeDirsForCl                              1 calls
        0 ms  GetFrameworkPaths                          1 calls
        1 ms  _SplitProjectReferencesByFileExistence     1 calls
        1 ms  WarnCompileDuplicatedFilename              1 calls
        1 ms  FindReferenceAssembliesForReferences       1 calls
        1 ms  CustomBuild                                1 calls
        1 ms  InitializeBuildStatus                      1 calls
        2 ms  PrepareForBuild                            1 calls
        3 ms  ResolveProjectReferences                   1 calls
        5 ms  GetReferencedVCProjectsInfo                1 calls
       53 ms  ClCompile                                  1 calls

Task Performance Summary:
        0 ms  Message                                    2 calls
        0 ms  AssignProjectConfiguration                 1 calls
        0 ms  MakeDir                                    5 calls
        0 ms  CheckVCToolsetVersion                      1 calls
        0 ms  ReadLinesFromFile                          1 calls
        0 ms  SetEnv                                     9 calls
        0 ms  WriteLinesToFile                           1 calls
        1 ms  ResolveNonMSBuildProjectOutput             1 calls
        1 ms  Touch                                      1 calls
        1 ms  GetOutOfDateItems                          3 calls
        7 ms  MSBuild                                    3 calls
       52 ms  CL                                         1 calls
